SF:C:\Projects\gac\src\config.rs
FN:29,_RNvMNtCsaE4EIrQ7MWA_3gac6configNtB2_10ScopeEntry5paths
FN:162,_RNCNvMs0_NtCsaE4EIrQ7MWA_3gac6configNtB7_6Config10apply_file0B9_
FN:123,_RNCNvNtCsaE4EIrQ7MWA_3gac6config22save_encrypted_api_key0B5_
FN:159,_RNvMs0_NtCsaE4EIrQ7MWA_3gac6configNtB5_6Config10apply_file
FN:214,_RNvMs0_NtCsaE4EIrQ7MWA_3gac6configNtB5_6Config12save_api_key
FN:206,_RNvMs0_NtCsaE4EIrQ7MWA_3gac6configNtB5_6Config19apply_cli_overrides
FN:137,_RNvMs0_NtCsaE4EIrQ7MWA_3gac6configNtB5_6Config4load
FN:230,_RNvMs0_NtCsaE4EIrQ7MWA_3gac6configNtB5_6Config8validate
FN:85,_RNvNtCsaE4EIrQ7MWA_3gac6config16default_excludes
FN:97,_RNvNtCsaE4EIrQ7MWA_3gac6config19find_project_config
FN:117,_RNvNtCsaE4EIrQ7MWA_3gac6config22save_encrypted_api_key
FN:73,_RNvXs_NtCsaE4EIrQ7MWA_3gac6configNtB4_6ConfigNtNtCsd9eshbB3hfz_4core7default7Default7default
FNDA:6,_RNvMNtCsaE4EIrQ7MWA_3gac6configNtB2_10ScopeEntry5paths
FNDA:0,_RNCNvMs0_NtCsaE4EIrQ7MWA_3gac6configNtB7_6Config10apply_file0B9_
FNDA:0,_RNCNvNtCsaE4EIrQ7MWA_3gac6config22save_encrypted_api_key0B5_
FNDA:0,_RNvMs0_NtCsaE4EIrQ7MWA_3gac6configNtB5_6Config10apply_file
FNDA:0,_RNvMs0_NtCsaE4EIrQ7MWA_3gac6configNtB5_6Config12save_api_key
FNDA:0,_RNvMs0_NtCsaE4EIrQ7MWA_3gac6configNtB5_6Config19apply_cli_overrides
FNDA:0,_RNvMs0_NtCsaE4EIrQ7MWA_3gac6configNtB5_6Config4load
FNDA:0,_RNvMs0_NtCsaE4EIrQ7MWA_3gac6configNtB5_6Config8validate
FNDA:0,_RNvNtCsaE4EIrQ7MWA_3gac6config16default_excludes
FNDA:0,_RNvNtCsaE4EIrQ7MWA_3gac6config19find_project_config
FNDA:0,_RNvNtCsaE4EIrQ7MWA_3gac6config22save_encrypted_api_key
FNDA:0,_RNvXs_NtCsaE4EIrQ7MWA_3gac6configNtB4_6ConfigNtNtCsd9eshbB3hfz_4core7default7Default7default
FNF:12
FNH:1
DA:29,6
DA:30,6
DA:31,1
DA:32,5
DA:34,6
DA:73,0
DA:74,0
DA:75,0
DA:76,0
DA:77,0
DA:78,0
DA:79,0
DA:80,0
DA:81,0
DA:82,0
DA:85,0
DA:86,0
DA:87,0
DA:88,0
DA:89,0
DA:90,0
DA:91,0
DA:92,0
DA:93,0
DA:95,0
DA:97,0
DA:98,0
DA:101,0
DA:103,0
DA:104,0
DA:105,0
DA:107,0
DA:108,0
DA:109,0
DA:112,0
DA:113,0
DA:117,0
DA:118,0
DA:121,0
DA:122,0
DA:123,0
DA:124,0
DA:125,0
DA:127,0
DA:128,0
DA:129,0
DA:130,0
DA:132,0
DA:133,0
DA:134,0
DA:137,0
DA:138,0
DA:141,0
DA:142,0
DA:144,0
DA:145,0
DA:146,0
DA:147,0
DA:148,0
DA:151,0
DA:152,0
DA:153,0
DA:154,0
DA:156,0
DA:157,0
DA:159,0
DA:160,0
DA:161,0
DA:162,0
DA:164,0
DA:165,0
DA:166,0
DA:168,0
DA:169,0
DA:170,0
DA:172,0
DA:173,0
DA:174,0
DA:176,0
DA:177,0
DA:178,0
DA:182,0
DA:183,0
DA:184,0
DA:187,0
DA:188,0
DA:189,0
DA:190,0
DA:191,0
DA:194,0
DA:196,0
DA:199,0
DA:203,0
DA:204,0
DA:206,0
DA:207,0
DA:208,0
DA:209,0
DA:210,0
DA:214,0
DA:215,0
DA:216,0
DA:217,0
DA:218,0
DA:219,0
DA:222,0
DA:223,0
DA:224,0
DA:226,0
DA:227,0
DA:230,0
DA:231,0
DA:232,0
DA:233,0
DA:235,0
DA:236,0
DA:237,0
DA:240,0
DA:241,0
DA:242,0
DA:243,0
DA:246,0
DA:247,0
DA:248,0
DA:250,0
DA:251,0
BRF:0
BRH:0
LF:128
LH:5
end_of_record
SF:C:\Projects\gac\src\crypto.rs
FN:29,_RNCNvNtCsaE4EIrQ7MWA_3gac6crypto10derive_key0B5_
FN:44,_RNCNvNtCsaE4EIrQ7MWA_3gac6crypto10derive_keys_0B5_
FN:54,_RNCNvNtCsaE4EIrQ7MWA_3gac6crypto12get_password0B5_
FN:24,_RNvNtCsaE4EIrQ7MWA_3gac6crypto10derive_key
FN:52,_RNvNtCsaE4EIrQ7MWA_3gac6crypto12get_password
FN:81,_RNvNtCsaE4EIrQ7MWA_3gac6crypto7decrypt
FN:60,_RNvNtCsaE4EIrQ7MWA_3gac6crypto7encrypt
FNDA:0,_RNCNvNtCsaE4EIrQ7MWA_3gac6crypto10derive_key0B5_
FNDA:0,_RNCNvNtCsaE4EIrQ7MWA_3gac6crypto10derive_keys_0B5_
FNDA:0,_RNCNvNtCsaE4EIrQ7MWA_3gac6crypto12get_password0B5_
FNDA:0,_RNvNtCsaE4EIrQ7MWA_3gac6crypto10derive_key
FNDA:0,_RNvNtCsaE4EIrQ7MWA_3gac6crypto12get_password
FNDA:0,_RNvNtCsaE4EIrQ7MWA_3gac6crypto7decrypt
FNDA:0,_RNvNtCsaE4EIrQ7MWA_3gac6crypto7encrypt
FNF:7
FNH:0
DA:24,0
DA:25,0
DA:26,0
DA:27,0
DA:28,0
DA:29,0
DA:32,0
DA:33,0
DA:35,0
DA:36,0
DA:37,0
DA:41,0
DA:42,0
DA:43,0
DA:44,0
DA:46,0
DA:47,0
DA:52,0
DA:53,0
DA:54,0
DA:55,0
DA:60,0
DA:61,0
DA:62,0
DA:63,0
DA:64,0
DA:65,0
DA:66,0
DA:67,0
DA:70,0
DA:71,0
DA:72,0
DA:73,0
DA:75,0
DA:76,0
DA:81,0
DA:82,0
DA:84,0
DA:85,0
DA:86,0
DA:88,0
DA:89,0
DA:90,0
DA:92,0
DA:93,0
DA:94,0
DA:97,0
DA:98,0
DA:100,0
DA:101,0
DA:102,0
DA:104,0
DA:105,0
BRF:0
BRH:0
LF:56
LH:0
end_of_record
SF:C:\Projects\gac\src\diff.rs
FN:143,_RNCNvNtCsaE4EIrQ7MWA_3gac4diff10parse_diff0B5_
FN:70,_RNCNvNtCsaE4EIrQ7MWA_3gac4diff10score_file0B5_
FN:85,_RNCNvNtCsaE4EIrQ7MWA_3gac4diff10score_files0_0B5_
FN:88,_RNCNvNtCsaE4EIrQ7MWA_3gac4diff10score_files1_0B5_
FN:100,_RNCNvNtCsaE4EIrQ7MWA_3gac4diff10score_files2_0B5_
FN:74,_RNCNvNtCsaE4EIrQ7MWA_3gac4diff10score_files_0B5_
FN:173,_RNCNvNtCsaE4EIrQ7MWA_3gac4diff15select_strategy0B5_
FN:470,_RNvNtNtCsaE4EIrQ7MWA_3gac4diff5testss_16strategy_display
FN:331,_RNvNtNtCsaE4EIrQ7MWA_3gac4diff5testss_22parse_diff_single_file
FN:326,_RNvNtNtCsaE4EIrQ7MWA_3gac4diff5testss_23parse_diff_empty_string
FN:348,_RNvNtNtCsaE4EIrQ7MWA_3gac4diff5testss_25parse_diff_multiple_files
FN:404,_RNvNtNtCsaE4EIrQ7MWA_3gac4diff5testss_26build_direct_context_empty
FN:304,_RNvNtNtCsaE4EIrQ7MWA_3gac4diff5testss_26score_test_files_are_forty
FN:318,_RNvNtNtCsaE4EIrQ7MWA_3gac4diff5testss_26score_unknown_ext_is_fifty
FN:422,_RNvNtNtCsaE4EIrQ7MWA_3gac4diff5testss_28build_summary_context_header
FN:285,_RNvNtNtCsaE4EIrQ7MWA_3gac4diff5testss_29score_source_in_src_is_ninety
FN:311,_RNvNtNtCsaE4EIrQ7MWA_3gac4diff5testss_32score_low_priority_ext_is_twenty
FN:411,_RNvNtNtCsaE4EIrQ7MWA_3gac4diff5testss_36build_summary_context_sorted_by_path
FN:278,_RNvNtNtCsaE4EIrQ7MWA_3gac4diff5testss_36score_low_priority_name_returns_zero
FN:372,_RNvNtNtCsaE4EIrQ7MWA_3gac4diff5testss_38parse_diff_extracts_path_from_b_prefix
FN:292,_RNvNtNtCsaE4EIrQ7MWA_3gac4diff5testss_38score_source_in_src_windows_separators
FN:431,_RNvNtNtCsaE4EIrQ7MWA_3gac4diff5testss_39build_stat_context_includes_top_n_files
FN:299,_RNvNtNtCsaE4EIrQ7MWA_3gac4diff5testss_40score_source_outside_src_is_seventy_five
FN:386,_RNvNtNtCsaE4EIrQ7MWA_3gac4diff5testss_41build_direct_context_concatenates_content
FN:457,_RNvNtNtCsaE4EIrQ7MWA_3gac4diff5testss_51build_stat_context_no_skipped_when_top_n_covers_all
FN:118,_RNvNtCsaE4EIrQ7MWA_3gac4diff10parse_diff
FN:66,_RNvNtCsaE4EIrQ7MWA_3gac4diff10score_file
FN:156,_RNvNtCsaE4EIrQ7MWA_3gac4diff12extract_path
FN:251,_RNvNtCsaE4EIrQ7MWA_3gac4diff18build_stat_context
FN:224,_RNvNtCsaE4EIrQ7MWA_3gac4diff20build_direct_context
FN:237,_RNvNtCsaE4EIrQ7MWA_3gac4diff21build_summary_context
FN:147,_RNvNtCsaE4EIrQ7MWA_3gac4diff5flush
FN:56,_RNvXNtCsaE4EIrQ7MWA_3gac4diffNtB2_8StrategyNtNtCsd9eshbB3hfz_4core3fmt7Display3fmt
FN:167,_RNvNtCsaE4EIrQ7MWA_3gac4diff15select_strategy
FNDA:2,_RNCNvNtCsaE4EIrQ7MWA_3gac4diff10parse_diff0B5_
FNDA:22,_RNCNvNtCsaE4EIrQ7MWA_3gac4diff10score_file0B5_
FNDA:33,_RNCNvNtCsaE4EIrQ7MWA_3gac4diff10score_files0_0B5_
FNDA:18,_RNCNvNtCsaE4EIrQ7MWA_3gac4diff10score_files1_0B5_
FNDA:12,_RNCNvNtCsaE4EIrQ7MWA_3gac4diff10score_files2_0B5_
FNDA:20,_RNCNvNtCsaE4EIrQ7MWA_3gac4diff10score_files_0B5_
FNDA:0,_RNCNvNtCsaE4EIrQ7MWA_3gac4diff15select_strategy0B5_
FNDA:1,_RNvNtNtCsaE4EIrQ7MWA_3gac4diff5testss_16strategy_display
FNDA:1,_RNvNtNtCsaE4EIrQ7MWA_3gac4diff5testss_22parse_diff_single_file
FNDA:1,_RNvNtNtCsaE4EIrQ7MWA_3gac4diff5testss_23parse_diff_empty_string
FNDA:1,_RNvNtNtCsaE4EIrQ7MWA_3gac4diff5testss_25parse_diff_multiple_files
FNDA:1,_RNvNtNtCsaE4EIrQ7MWA_3gac4diff5testss_26build_direct_context_empty
FNDA:1,_RNvNtNtCsaE4EIrQ7MWA_3gac4diff5testss_26score_test_files_are_forty
FNDA:1,_RNvNtNtCsaE4EIrQ7MWA_3gac4diff5testss_26score_unknown_ext_is_fifty
FNDA:1,_RNvNtNtCsaE4EIrQ7MWA_3gac4diff5testss_28build_summary_context_header
FNDA:1,_RNvNtNtCsaE4EIrQ7MWA_3gac4diff5testss_29score_source_in_src_is_ninety
FNDA:1,_RNvNtNtCsaE4EIrQ7MWA_3gac4diff5testss_32score_low_priority_ext_is_twenty
FNDA:1,_RNvNtNtCsaE4EIrQ7MWA_3gac4diff5testss_36build_summary_context_sorted_by_path
FNDA:1,_RNvNtNtCsaE4EIrQ7MWA_3gac4diff5testss_36score_low_priority_name_returns_zero
FNDA:1,_RNvNtNtCsaE4EIrQ7MWA_3gac4diff5testss_38parse_diff_extracts_path_from_b_prefix
FNDA:1,_RNvNtNtCsaE4EIrQ7MWA_3gac4diff5testss_38score_source_in_src_windows_separators
FNDA:1,_RNvNtNtCsaE4EIrQ7MWA_3gac4diff5testss_39build_stat_context_includes_top_n_files
FNDA:1,_RNvNtNtCsaE4EIrQ7MWA_3gac4diff5testss_40score_source_outside_src_is_seventy_five
FNDA:1,_RNvNtNtCsaE4EIrQ7MWA_3gac4diff5testss_41build_direct_context_concatenates_content
FNDA:1,_RNvNtNtCsaE4EIrQ7MWA_3gac4diff5testss_51build_stat_context_no_skipped_when_top_n_covers_all
FNDA:4,_RNvNtCsaE4EIrQ7MWA_3gac4diff10parse_diff
FNDA:22,_RNvNtCsaE4EIrQ7MWA_3gac4diff10score_file
FNDA:4,_RNvNtCsaE4EIrQ7MWA_3gac4diff12extract_path
FNDA:2,_RNvNtCsaE4EIrQ7MWA_3gac4diff18build_stat_context
FNDA:2,_RNvNtCsaE4EIrQ7MWA_3gac4diff20build_direct_context
FNDA:2,_RNvNtCsaE4EIrQ7MWA_3gac4diff21build_summary_context
FNDA:4,_RNvNtCsaE4EIrQ7MWA_3gac4diff5flush
FNDA:3,_RNvXNtCsaE4EIrQ7MWA_3gac4diffNtB2_8StrategyNtNtCsd9eshbB3hfz_4core3fmt7Display3fmt
FNDA:0,_RNvNtCsaE4EIrQ7MWA_3gac4diff15select_strategy
FNF:34
FNH:32
DA:56,3
DA:57,3
DA:58,1
DA:59,1
DA:60,1
DA:62,3
DA:66,22
DA:67,22
DA:68,22
DA:69,22
DA:70,22
DA:71,22
DA:72,22
DA:73,22
DA:74,22
DA:75,22
DA:76,22
DA:78,22
DA:79,3
DA:80,19
DA:85,33
DA:86,33
DA:87,33
DA:88,33
DA:89,18
DA:90,18
DA:91,18
DA:92,19
DA:93,3
DA:94,16
DA:96,16
DA:98,11
DA:99,11
DA:100,12
DA:101,11
DA:102,9
DA:103,2
DA:105,2
DA:106,5
DA:108,5
DA:109,3
DA:110,2
DA:112,2
DA:113,22
DA:118,4
DA:119,4
DA:120,4
DA:121,4
DA:123,25
DA:124,25
DA:126,4
DA:127,1
DA:128,3
DA:130,4
DA:131,4
DA:132,21
DA:133,21
DA:134,21
DA:138,4
DA:139,3
DA:140,3
DA:143,4
DA:144,4
DA:145,4
DA:147,4
DA:148,4
DA:149,4
DA:150,4
DA:151,4
DA:152,4
DA:153,4
DA:154,4
DA:156,4
DA:158,4
DA:159,4
DA:160,4
DA:161,4
DA:162,4
DA:163,4
DA:167,0
DA:168,0
DA:169,0
DA:170,0
DA:171,0
DA:172,0
DA:173,0
DA:174,0
DA:175,0
DA:176,0
DA:177,0
DA:178,0
DA:179,0
DA:180,0
DA:181,0
DA:183,0
DA:185,0
DA:190,0
DA:191,0
DA:192,0
DA:194,0
DA:195,0
DA:196,0
DA:199,0
DA:201,0
DA:202,0
DA:204,0
DA:205,0
DA:206,0
DA:208,0
DA:209,0
DA:212,0
DA:213,0
DA:214,0
DA:215,0
DA:216,0
DA:217,0
DA:218,0
DA:224,2
DA:225,2
DA:227,2
DA:228,2
DA:229,2
DA:230,2
DA:232,2
DA:233,2
DA:237,2
DA:239,2
DA:240,2
DA:241,2
DA:243,2
DA:244,2
DA:245,2
DA:247,2
DA:248,2
DA:251,2
DA:252,2
DA:253,2
DA:255,3
DA:256,3
DA:257,3
DA:258,3
DA:260,2
DA:262,2
DA:263,1
DA:264,1
DA:265,1
DA:266,1
DA:268,2
DA:269,2
DA:278,1
DA:279,1
DA:280,1
DA:281,1
DA:282,1
DA:285,1
DA:286,1
DA:287,1
DA:288,1
DA:289,1
DA:292,1
DA:293,1
DA:294,1
DA:295,1
DA:296,1
DA:299,1
DA:300,1
DA:301,1
DA:304,1
DA:305,1
DA:306,1
DA:307,1
DA:308,1
DA:311,1
DA:312,1
DA:313,1
DA:314,1
DA:315,1
DA:318,1
DA:319,1
DA:320,1
DA:321,1
DA:326,1
DA:327,1
DA:328,1
DA:331,1
DA:332,1
DA:333,1
DA:334,1
DA:335,1
DA:336,1
DA:337,1
DA:338,1
DA:339,1
DA:340,1
DA:341,1
DA:342,1
DA:343,1
DA:344,1
DA:345,1
DA:348,1
DA:349,1
DA:350,1
DA:351,1
DA:352,1
DA:353,1
DA:354,1
DA:355,1
DA:356,1
DA:357,1
DA:358,1
DA:359,1
DA:360,1
DA:361,1
DA:362,1
DA:363,1
DA:364,1
DA:365,1
DA:366,1
DA:367,1
DA:368,1
DA:369,1
DA:372,1
DA:373,1
DA:374,1
DA:375,1
DA:376,1
DA:377,1
DA:378,1
DA:379,1
DA:380,1
DA:381,1
DA:386,1
DA:387,1
DA:388,1
DA:389,1
DA:390,1
DA:391,1
DA:392,1
DA:393,1
DA:394,1
DA:395,1
DA:396,1
DA:397,1
DA:399,1
DA:400,1
DA:401,1
DA:404,1
DA:405,1
DA:406,1
DA:411,1
DA:412,1
DA:413,1
DA:414,1
DA:415,1
DA:416,1
DA:417,1
DA:418,1
DA:419,1
DA:422,1
DA:423,1
DA:424,1
DA:425,1
DA:426,1
DA:431,1
DA:432,1
DA:433,1
DA:434,1
DA:435,1
DA:436,1
DA:437,1
DA:438,1
DA:439,1
DA:440,1
DA:441,1
DA:442,1
DA:443,1
DA:444,1
DA:445,1
DA:446,1
DA:447,1
DA:449,1
DA:450,1
DA:451,1
DA:452,1
DA:453,1
DA:454,1
DA:457,1
DA:458,1
DA:459,1
DA:460,1
DA:461,1
DA:462,1
DA:463,1
DA:464,1
DA:465,1
DA:470,1
DA:471,1
DA:472,1
DA:473,1
DA:474,1
DA:477,1
BRF:0
BRH:0
LF:309
LH:270
end_of_record
SF:C:\Projects\gac\src\git.rs
FN:104,_RNvMNtCsaE4EIrQ7MWA_3gac3gitNtB2_10ScopeMatch15best_candidates
FN:115,_RNvNtCsaE4EIrQ7MWA_3gac3git13detect_scopes
FN:166,_RNvNtCsaE4EIrQ7MWA_3gac3git14build_excludes
FN:146,_RNCNCNvNtCsaE4EIrQ7MWA_3gac3git13detect_scopes00B7_
FN:106,_RNCNvMNtCsaE4EIrQ7MWA_3gac3gitNtB4_10ScopeMatch15best_candidates0B6_
FN:108,_RNCNvMNtCsaE4EIrQ7MWA_3gac3gitNtB4_10ScopeMatch15best_candidatess_0B6_
FN:146,_RNCNvNtCsaE4EIrQ7MWA_3gac3git13detect_scopes0B5_
FN:167,_RNCNvNtCsaE4EIrQ7MWA_3gac3git14build_excludes0B5_
FN:216,_RNCNvNtNtCsaE4EIrQ7MWA_3gac3git5tests11make_scopes0B7_
FN:213,_RNvNtNtCsaE4EIrQ7MWA_3gac3git5tests11make_scopes
FN:207,_RNvNtNtCsaE4EIrQ7MWA_3gac3git5testss_20build_excludes_empty
FN:233,_RNvNtNtCsaE4EIrQ7MWA_3gac3git5testss_22detect_scopes_no_match
FN:265,_RNvNtNtCsaE4EIrQ7MWA_3gac3git5testss_29detect_scopes_full_form_entry
FN:280,_RNvNtNtCsaE4EIrQ7MWA_3gac3git5testss_31best_candidates_prefers_matched
FN:254,_RNvNtNtCsaE4EIrQ7MWA_3gac3git5testss_36detect_scopes_multiple_scopes_sorted
FN:289,_RNvNtNtCsaE4EIrQ7MWA_3gac3git5testss_39best_candidates_falls_back_to_unmatched
FN:200,_RNvNtNtCsaE4EIrQ7MWA_3gac3git5testss_40build_excludes_wraps_with_exclude_prefix
FN:298,_RNvNtNtCsaE4EIrQ7MWA_3gac3git5testss_42best_candidates_empty_when_nothing_defined
FN:221,_RNvNtNtCsaE4EIrQ7MWA_3gac3git5testss_42detect_scopes_matches_file_against_pattern
FN:245,_RNvNtNtCsaE4EIrQ7MWA_3gac3git5testss_44detect_scopes_empty_patterns_go_to_unmatched
FN:65,_RNCNvNtCsaE4EIrQ7MWA_3gac3git16get_staged_files0B5_
FN:80,_RNCNvNtCsaE4EIrQ7MWA_3gac3git18get_excluded_files0B5_
FN:88,_RNCNvNtCsaE4EIrQ7MWA_3gac3git18get_excluded_filess_0B5_
FN:183,_RNvNtCsaE4EIrQ7MWA_3gac3git12run_git_diff
FN:51,_RNvNtCsaE4EIrQ7MWA_3gac3git16get_staged_files
FN:70,_RNvNtCsaE4EIrQ7MWA_3gac3git18get_excluded_files
FN:12,_RNvNtCsaE4EIrQ7MWA_3gac3git24get_staged_stat_and_diff
FN:171,_RNvNtCsaE4EIrQ7MWA_3gac3git6commit
FNDA:3,_RNvMNtCsaE4EIrQ7MWA_3gac3gitNtB2_10ScopeMatch15best_candidates
FNDA:5,_RNvNtCsaE4EIrQ7MWA_3gac3git13detect_scopes
FNDA:2,_RNvNtCsaE4EIrQ7MWA_3gac3git14build_excludes
FNDA:6,_RNCNCNvNtCsaE4EIrQ7MWA_3gac3git13detect_scopes00B7_
FNDA:2,_RNCNvMNtCsaE4EIrQ7MWA_3gac3gitNtB4_10ScopeMatch15best_candidates0B6_
FNDA:2,_RNCNvMNtCsaE4EIrQ7MWA_3gac3gitNtB4_10ScopeMatch15best_candidatess_0B6_
FNDA:6,_RNCNvNtCsaE4EIrQ7MWA_3gac3git13detect_scopes0B5_
FNDA:2,_RNCNvNtCsaE4EIrQ7MWA_3gac3git14build_excludes0B5_
FNDA:6,_RNCNvNtNtCsaE4EIrQ7MWA_3gac3git5tests11make_scopes0B7_
FNDA:5,_RNvNtNtCsaE4EIrQ7MWA_3gac3git5tests11make_scopes
FNDA:1,_RNvNtNtCsaE4EIrQ7MWA_3gac3git5testss_20build_excludes_empty
FNDA:1,_RNvNtNtCsaE4EIrQ7MWA_3gac3git5testss_22detect_scopes_no_match
FNDA:1,_RNvNtNtCsaE4EIrQ7MWA_3gac3git5testss_29detect_scopes_full_form_entry
FNDA:1,_RNvNtNtCsaE4EIrQ7MWA_3gac3git5testss_31best_candidates_prefers_matched
FNDA:1,_RNvNtNtCsaE4EIrQ7MWA_3gac3git5testss_36detect_scopes_multiple_scopes_sorted
FNDA:1,_RNvNtNtCsaE4EIrQ7MWA_3gac3git5testss_39best_candidates_falls_back_to_unmatched
FNDA:1,_RNvNtNtCsaE4EIrQ7MWA_3gac3git5testss_40build_excludes_wraps_with_exclude_prefix
FNDA:1,_RNvNtNtCsaE4EIrQ7MWA_3gac3git5testss_42best_candidates_empty_when_nothing_defined
FNDA:1,_RNvNtNtCsaE4EIrQ7MWA_3gac3git5testss_42detect_scopes_matches_file_against_pattern
FNDA:1,_RNvNtNtCsaE4EIrQ7MWA_3gac3git5testss_44detect_scopes_empty_patterns_go_to_unmatched
FNDA:0,_RNCNvNtCsaE4EIrQ7MWA_3gac3git16get_staged_files0B5_
FNDA:0,_RNCNvNtCsaE4EIrQ7MWA_3gac3git18get_excluded_files0B5_
FNDA:0,_RNCNvNtCsaE4EIrQ7MWA_3gac3git18get_excluded_filess_0B5_
FNDA:0,_RNvNtCsaE4EIrQ7MWA_3gac3git12run_git_diff
FNDA:0,_RNvNtCsaE4EIrQ7MWA_3gac3git16get_staged_files
FNDA:0,_RNvNtCsaE4EIrQ7MWA_3gac3git18get_excluded_files
FNDA:0,_RNvNtCsaE4EIrQ7MWA_3gac3git24get_staged_stat_and_diff
FNDA:0,_RNvNtCsaE4EIrQ7MWA_3gac3git6commit
FNF:28
FNH:20
DA:12,0
DA:13,0
DA:15,0
DA:16,0
DA:20,0
DA:21,0
DA:23,0
DA:25,0
DA:26,0
DA:27,0
DA:29,0
DA:30,0
DA:31,0
DA:32,0
DA:33,0
DA:34,0
DA:35,0
DA:36,0
DA:37,0
DA:38,0
DA:39,0
DA:41,0
DA:42,0
DA:43,0
DA:45,0
DA:46,0
DA:51,0
DA:52,0
DA:53,0
DA:54,0
DA:55,0
DA:57,0
DA:58,0
DA:59,0
DA:60,0
DA:61,0
DA:63,0
DA:64,0
DA:65,0
DA:66,0
DA:67,0
DA:70,0
DA:71,0
DA:73,0
DA:74,0
DA:75,0
DA:76,0
DA:78,0
DA:79,0
DA:80,0
DA:81,0
DA:82,0
DA:83,0
DA:84,0
DA:88,0
DA:89,0
DA:104,3
DA:105,3
DA:106,2
DA:108,2
DA:110,3
DA:115,5
DA:116,5
DA:117,5
DA:119,5
DA:120,5
DA:122,6
DA:123,6
DA:124,6
DA:126,6
DA:127,1
DA:128,1
DA:129,5
DA:131,5
DA:132,5
DA:133,5
DA:134,5
DA:135,0
DA:144,5
DA:145,5
DA:146,6
DA:148,5
DA:149,4
DA:150,4
DA:151,1
DA:152,1
DA:155,5
DA:156,0
DA:161,5
DA:162,5
DA:166,2
DA:167,2
DA:168,2
DA:171,0
DA:172,0
DA:173,0
DA:174,0
DA:175,0
DA:176,0
DA:177,0
DA:178,0
DA:179,0
DA:180,0
DA:181,0
DA:183,0
DA:184,0
DA:185,0
DA:186,0
DA:187,0
DA:188,0
DA:189,0
DA:190,0
DA:200,1
DA:201,1
DA:202,1
DA:203,1
DA:204,1
DA:207,1
DA:208,1
DA:209,1
DA:213,5
DA:214,5
DA:215,5
DA:216,6
DA:217,5
DA:218,5
DA:221,1
DA:222,1
DA:223,1
DA:224,1
DA:225,1
DA:226,1
DA:227,1
DA:228,1
DA:229,1
DA:230,1
DA:233,1
DA:234,1
DA:235,1
DA:236,1
DA:237,1
DA:238,1
DA:239,1
DA:240,1
DA:241,1
DA:242,1
DA:245,1
DA:246,1
DA:247,1
DA:248,1
DA:249,1
DA:250,1
DA:251,1
DA:254,1
DA:255,1
DA:256,1
DA:257,1
DA:259,1
DA:260,1
DA:261,1
DA:262,1
DA:265,1
DA:266,1
DA:267,1
DA:268,1
DA:269,1
DA:270,1
DA:271,1
DA:272,1
DA:273,1
DA:274,1
DA:275,1
DA:280,1
DA:281,1
DA:282,1
DA:283,1
DA:284,1
DA:285,1
DA:286,1
DA:289,1
DA:290,1
DA:291,1
DA:292,1
DA:293,1
DA:294,1
DA:295,1
DA:298,1
DA:299,1
DA:300,1
DA:301,1
BRF:0
BRH:0
LF:199
LH:119
end_of_record
SF:C:\Projects\gac\src\llamaswap.rs
FN:580,_RNvNtNtCsaE4EIrQ7MWA_3gac9llamaswap5testss_26chat_response_with_content
FN:555,_RNvNtNtCsaE4EIrQ7MWA_3gac9llamaswap5testss_27chat_chunk_default_is_empty
FN:591,_RNvNtNtCsaE4EIrQ7MWA_3gac9llamaswap5testss_31chat_response_with_null_content
FN:564,_RNvNtNtCsaE4EIrQ7MWA_3gac9llamaswap5testss_31finish_reason_stop_deserializes
FN:499,_RNvNtNtCsaE4EIrQ7MWA_3gac9llamaswap5testss_31truncate_long_string_is_limited
FN:494,_RNvNtNtCsaE4EIrQ7MWA_3gac9llamaswap5testss_31truncate_short_string_unchanged
FN:571,_RNvNtNtCsaE4EIrQ7MWA_3gac9llamaswap5testss_33finish_reason_length_deserializes
FN:548,_RNvNtNtCsaE4EIrQ7MWA_3gac9llamaswap5testss_34chat_chunk_deserialize_done_signal
FN:536,_RNvNtNtCsaE4EIrQ7MWA_3gac9llamaswap5testss_35chat_chunk_deserialize_with_timings
FN:525,_RNvNtNtCsaE4EIrQ7MWA_3gac9llamaswap5testss_36chat_chunk_deserialize_content_delta
FN:509,_RNvNtNtCsaE4EIrQ7MWA_3gac9llamaswap5testss_38build_messages_creates_system_and_user
FN:207,_RINvNtCsaE4EIrQ7MWA_3gac9llamaswap10with_retryNtNtNtCs9C8At2ZWCHn_7reqwest10async_impl8response8ResponseNCNCNvB2_18generate_streaming00NCNCB1G_00EB4_
FN:207,_RINvNtCsaE4EIrQ7MWA_3gac9llamaswap10with_retryNtNtNtCs9C8At2ZWCHn_7reqwest10async_impl8response8ResponseNCNCNvB2_9summarize00NCNCB1G_00EB4_
FN:211,_RNCINvNtCsaE4EIrQ7MWA_3gac9llamaswap10with_retryNtNtNtCs9C8At2ZWCHn_7reqwest10async_impl8response8ResponseNCNCNvB4_18generate_streaming00NCNCB1I_00E0B6_
FN:211,_RNCINvNtCsaE4EIrQ7MWA_3gac9llamaswap10with_retryNtNtNtCs9C8At2ZWCHn_7reqwest10async_impl8response8ResponseNCNCNvB4_9summarize00NCNCB1I_00E0B6_
FN:257,_RNCNCNCNvNtCsaE4EIrQ7MWA_3gac9llamaswap18generate_streaming000B9_
FN:468,_RNCNCNCNvNtCsaE4EIrQ7MWA_3gac9llamaswap9summarize000B9_
FN:183,_RNCNCNvNtCsaE4EIrQ7MWA_3gac9llamaswap14check_response00B7_
FN:253,_RNCNCNvNtCsaE4EIrQ7MWA_3gac9llamaswap18generate_streaming00B7_
FN:464,_RNCNCNvNtCsaE4EIrQ7MWA_3gac9llamaswap9summarize00B7_
FN:481,_RNCNCNvNtCsaE4EIrQ7MWA_3gac9llamaswap9summarize0s0_0B7_
FN:476,_RNCNCNvNtCsaE4EIrQ7MWA_3gac9llamaswap9summarize0s_0B7_
FN:416,_RNCNvNtCsaE4EIrQ7MWA_3gac9llamaswap10detokenize0B5_
FN:190,_RNCNvNtCsaE4EIrQ7MWA_3gac9llamaswap10query_vram0B5_
FN:349,_RNCNvNtCsaE4EIrQ7MWA_3gac9llamaswap11model_props0B5_
FN:439,_RNCNvNtCsaE4EIrQ7MWA_3gac9llamaswap12token_counts0B5_
FN:365,_RNCNvNtCsaE4EIrQ7MWA_3gac9llamaswap14apply_template0B5_
FN:177,_RNCNvNtCsaE4EIrQ7MWA_3gac9llamaswap14check_response0B5_
FN:235,_RNCNvNtCsaE4EIrQ7MWA_3gac9llamaswap18generate_streaming0B5_
FN:393,_RNCNvNtCsaE4EIrQ7MWA_3gac9llamaswap8tokenize0B5_
FN:447,_RNCNvNtCsaE4EIrQ7MWA_3gac9llamaswap9summarize0B5_
FN:190,_RNvNtCsaE4EIrQ7MWA_3gac9llamaswap10query_vram
FN:349,_RNvNtCsaE4EIrQ7MWA_3gac9llamaswap11model_props
FN:439,_RNvNtCsaE4EIrQ7MWA_3gac9llamaswap12token_counts
FN:365,_RNvNtCsaE4EIrQ7MWA_3gac9llamaswap14apply_template
FN:164,_RNvNtCsaE4EIrQ7MWA_3gac9llamaswap14build_messages
FN:177,_RNvNtCsaE4EIrQ7MWA_3gac9llamaswap14check_response
FN:143,_RNvNtCsaE4EIrQ7MWA_3gac9llamaswap18truncate_for_debug
FN:393,_RNvNtCsaE4EIrQ7MWA_3gac9llamaswap8tokenize
FN:416,_RNvNtCsaE4EIrQ7MWA_3gac9llamaswap10detokenize
FN:149,_RNvNtCsaE4EIrQ7MWA_3gac9llamaswap13create_client
FN:230,_RNvNtCsaE4EIrQ7MWA_3gac9llamaswap18generate_streaming
FN:447,_RNvNtCsaE4EIrQ7MWA_3gac9llamaswap9summarize
FNDA:1,_RNvNtNtCsaE4EIrQ7MWA_3gac9llamaswap5testss_26chat_response_with_content
FNDA:1,_RNvNtNtCsaE4EIrQ7MWA_3gac9llamaswap5testss_27chat_chunk_default_is_empty
FNDA:1,_RNvNtNtCsaE4EIrQ7MWA_3gac9llamaswap5testss_31chat_response_with_null_content
FNDA:1,_RNvNtNtCsaE4EIrQ7MWA_3gac9llamaswap5testss_31finish_reason_stop_deserializes
FNDA:1,_RNvNtNtCsaE4EIrQ7MWA_3gac9llamaswap5testss_31truncate_long_string_is_limited
FNDA:1,_RNvNtNtCsaE4EIrQ7MWA_3gac9llamaswap5testss_31truncate_short_string_unchanged
FNDA:1,_RNvNtNtCsaE4EIrQ7MWA_3gac9llamaswap5testss_33finish_reason_length_deserializes
FNDA:1,_RNvNtNtCsaE4EIrQ7MWA_3gac9llamaswap5testss_34chat_chunk_deserialize_done_signal
FNDA:1,_RNvNtNtCsaE4EIrQ7MWA_3gac9llamaswap5testss_35chat_chunk_deserialize_with_timings
FNDA:1,_RNvNtNtCsaE4EIrQ7MWA_3gac9llamaswap5testss_36chat_chunk_deserialize_content_delta
FNDA:1,_RNvNtNtCsaE4EIrQ7MWA_3gac9llamaswap5testss_38build_messages_creates_system_and_user
FNDA:0,_RINvNtCsaE4EIrQ7MWA_3gac9llamaswap10with_retryNtNtNtCs9C8At2ZWCHn_7reqwest10async_impl8response8ResponseNCNCNvB2_18generate_streaming00NCNCB1G_00EB4_
FNDA:0,_RINvNtCsaE4EIrQ7MWA_3gac9llamaswap10with_retryNtNtNtCs9C8At2ZWCHn_7reqwest10async_impl8response8ResponseNCNCNvB2_9summarize00NCNCB1G_00EB4_
FNDA:0,_RNCINvNtCsaE4EIrQ7MWA_3gac9llamaswap10with_retryNtNtNtCs9C8At2ZWCHn_7reqwest10async_impl8response8ResponseNCNCNvB4_18generate_streaming00NCNCB1I_00E0B6_
FNDA:0,_RNCINvNtCsaE4EIrQ7MWA_3gac9llamaswap10with_retryNtNtNtCs9C8At2ZWCHn_7reqwest10async_impl8response8ResponseNCNCNvB4_9summarize00NCNCB1I_00E0B6_
FNDA:0,_RNCNCNCNvNtCsaE4EIrQ7MWA_3gac9llamaswap18generate_streaming000B9_
FNDA:0,_RNCNCNCNvNtCsaE4EIrQ7MWA_3gac9llamaswap9summarize000B9_
FNDA:0,_RNCNCNvNtCsaE4EIrQ7MWA_3gac9llamaswap14check_response00B7_
FNDA:0,_RNCNCNvNtCsaE4EIrQ7MWA_3gac9llamaswap18generate_streaming00B7_
FNDA:0,_RNCNCNvNtCsaE4EIrQ7MWA_3gac9llamaswap9summarize00B7_
FNDA:0,_RNCNCNvNtCsaE4EIrQ7MWA_3gac9llamaswap9summarize0s0_0B7_
FNDA:0,_RNCNCNvNtCsaE4EIrQ7MWA_3gac9llamaswap9summarize0s_0B7_
FNDA:0,_RNCNvNtCsaE4EIrQ7MWA_3gac9llamaswap10detokenize0B5_
FNDA:0,_RNCNvNtCsaE4EIrQ7MWA_3gac9llamaswap10query_vram0B5_
FNDA:0,_RNCNvNtCsaE4EIrQ7MWA_3gac9llamaswap11model_props0B5_
FNDA:0,_RNCNvNtCsaE4EIrQ7MWA_3gac9llamaswap12token_counts0B5_
FNDA:0,_RNCNvNtCsaE4EIrQ7MWA_3gac9llamaswap14apply_template0B5_
FNDA:0,_RNCNvNtCsaE4EIrQ7MWA_3gac9llamaswap14check_response0B5_
FNDA:0,_RNCNvNtCsaE4EIrQ7MWA_3gac9llamaswap18generate_streaming0B5_
FNDA:0,_RNCNvNtCsaE4EIrQ7MWA_3gac9llamaswap8tokenize0B5_
FNDA:0,_RNCNvNtCsaE4EIrQ7MWA_3gac9llamaswap9summarize0B5_
FNDA:0,_RNvNtCsaE4EIrQ7MWA_3gac9llamaswap10query_vram
FNDA:0,_RNvNtCsaE4EIrQ7MWA_3gac9llamaswap11model_props
FNDA:0,_RNvNtCsaE4EIrQ7MWA_3gac9llamaswap12token_counts
FNDA:0,_RNvNtCsaE4EIrQ7MWA_3gac9llamaswap14apply_template
FNDA:1,_RNvNtCsaE4EIrQ7MWA_3gac9llamaswap14build_messages
FNDA:0,_RNvNtCsaE4EIrQ7MWA_3gac9llamaswap14check_response
FNDA:2,_RNvNtCsaE4EIrQ7MWA_3gac9llamaswap18truncate_for_debug
FNDA:0,_RNvNtCsaE4EIrQ7MWA_3gac9llamaswap8tokenize
FNDA:0,_RNvNtCsaE4EIrQ7MWA_3gac9llamaswap10detokenize
FNDA:0,_RNvNtCsaE4EIrQ7MWA_3gac9llamaswap13create_client
FNDA:0,_RNvNtCsaE4EIrQ7MWA_3gac9llamaswap18generate_streaming
FNDA:0,_RNvNtCsaE4EIrQ7MWA_3gac9llamaswap9summarize
FNF:41
FNH:13
DA:143,2
DA:144,2
DA:145,2
DA:149,0
DA:150,0
DA:152,0
DA:153,0
DA:154,0
DA:155,0
DA:156,0
DA:157,0
DA:158,0
DA:159,0
DA:161,0
DA:162,0
DA:164,1
DA:165,1
DA:166,1
DA:167,1
DA:168,1
DA:169,1
DA:170,1
DA:171,1
DA:172,1
DA:173,1
DA:175,1
DA:177,0
DA:178,0
DA:179,0
DA:180,0
DA:181,0
DA:182,0
DA:183,0
DA:184,0
DA:185,0
DA:187,0
DA:188,0
DA:190,0
DA:191,0
DA:192,0
DA:193,0
DA:194,0
DA:196,0
DA:197,0
DA:198,0
DA:201,0
DA:203,0
DA:204,0
DA:207,0
DA:208,0
DA:209,0
DA:210,0
DA:211,0
DA:212,0
DA:215,0
DA:216,0
DA:217,0
DA:218,0
DA:219,0
DA:220,0
DA:221,0
DA:223,0
DA:226,0
DA:230,0
DA:231,0
DA:232,0
DA:233,0
DA:234,0
DA:235,0
DA:236,0
DA:237,0
DA:238,0
DA:239,0
DA:240,0
DA:241,0
DA:243,0
DA:244,0
DA:245,0
DA:246,0
DA:250,0
DA:251,0
DA:253,0
DA:254,0
DA:255,0
DA:256,0
DA:257,0
DA:258,0
DA:259,0
DA:261,0
DA:262,0
DA:263,0
DA:264,0
DA:265,0
DA:268,0
DA:269,0
DA:270,0
DA:271,0
DA:272,0
DA:274,0
DA:275,0
DA:276,0
DA:279,0
DA:280,0
DA:281,0
DA:283,0
DA:284,0
DA:285,0
DA:287,0
DA:288,0
DA:289,0
DA:291,0
DA:292,0
DA:295,0
DA:296,0
DA:299,0
DA:300,0
DA:301,0
DA:302,0
DA:303,0
DA:304,0
DA:305,0
DA:306,0
DA:307,0
DA:308,0
DA:309,0
DA:310,0
DA:312,0
DA:313,0
DA:314,0
DA:315,0
DA:316,0
DA:317,0
DA:318,0
DA:319,0
DA:327,0
DA:328,0
DA:329,0
DA:330,0
DA:331,0
DA:332,0
DA:335,0
DA:336,0
DA:337,0
DA:339,0
DA:340,0
DA:341,0
DA:342,0
DA:343,0
DA:345,0
DA:346,0
DA:349,0
DA:350,0
DA:352,0
DA:353,0
DA:354,0
DA:355,0
DA:356,0
DA:358,0
DA:359,0
DA:361,0
DA:362,0
DA:365,0
DA:366,0
DA:367,0
DA:368,0
DA:369,0
DA:372,0
DA:373,0
DA:374,0
DA:376,0
DA:377,0
DA:378,0
DA:379,0
DA:380,0
DA:381,0
DA:382,0
DA:383,0
DA:384,0
DA:386,0
DA:387,0
DA:389,0
DA:390,0
DA:393,0
DA:394,0
DA:396,0
DA:397,0
DA:398,0
DA:399,0
DA:400,0
DA:401,0
DA:402,0
DA:403,0
DA:404,0
DA:405,0
DA:406,0
DA:407,0
DA:409,0
DA:411,0
DA:412,0
DA:413,0
DA:416,0
DA:417,0
DA:419,0
DA:420,0
DA:421,0
DA:422,0
DA:423,0
DA:424,0
DA:425,0
DA:426,0
DA:427,0
DA:428,0
DA:429,0
DA:430,0
DA:432,0
DA:433,0
DA:435,0
DA:436,0
DA:439,0
DA:440,0
DA:441,0
DA:442,0
DA:443,0
DA:447,0
DA:448,0
DA:452,0
DA:453,0
DA:454,0
DA:457,0
DA:458,0
DA:459,0
DA:460,0
DA:461,0
DA:462,0
DA:464,0
DA:465,0
DA:466,0
DA:467,0
DA:468,0
DA:469,0
DA:470,0
DA:472,0
DA:473,0
DA:474,0
DA:475,0
DA:476,0
DA:477,0
DA:478,0
DA:479,0
DA:480,0
DA:481,0
DA:482,0
DA:483,0
DA:484,0
DA:485,0
DA:494,1
DA:495,1
DA:496,1
DA:499,1
DA:500,1
DA:501,1
DA:502,1
DA:503,1
DA:504,1
DA:509,1
DA:510,1
DA:511,1
DA:512,1
DA:513,1
DA:514,1
DA:515,1
DA:516,1
DA:517,1
DA:518,1
DA:519,1
DA:520,1
DA:525,1
DA:526,1
DA:527,1
DA:528,1
DA:529,1
DA:530,1
DA:531,1
DA:532,1
DA:533,1
DA:536,1
DA:537,1
DA:538,1
DA:539,1
DA:540,1
DA:541,1
DA:542,1
DA:543,1
DA:544,1
DA:545,1
DA:548,1
DA:549,1
DA:550,1
DA:551,1
DA:552,1
DA:555,1
DA:556,1
DA:557,1
DA:558,1
DA:559,1
DA:564,1
DA:565,1
DA:566,1
DA:567,1
DA:568,1
DA:571,1
DA:572,1
DA:573,1
DA:574,1
DA:575,1
DA:580,1
DA:581,1
DA:582,1
DA:583,1
DA:584,1
DA:585,1
DA:588,1
DA:591,1
DA:592,1
DA:593,1
DA:594,1
DA:595,1
BRF:0
BRH:0
LF:341
LH:86
end_of_record
SF:C:\Projects\gac\src\logging.rs
FN:101,_RNCNvNtCsaE4EIrQ7MWA_3gac7logging4init0B5_
FN:23,_RNvMNtCsaE4EIrQ7MWA_3gac7loggingNtB2_8LogLevel9to_filter
FN:98,_RNvNtCsaE4EIrQ7MWA_3gac7logging4init
FN:56,_RNvXININtCsaE4EIrQ7MWA_3gac7loggings_0ppENtB5_12CliFormatterINtNtNtCs4j4NquontT8_18tracing_subscriber3fmt6format11FormatEventppE12format_eventB7_
FNDA:0,_RNCNvNtCsaE4EIrQ7MWA_3gac7logging4init0B5_
FNDA:0,_RNvMNtCsaE4EIrQ7MWA_3gac7loggingNtB2_8LogLevel9to_filter
FNDA:0,_RNvNtCsaE4EIrQ7MWA_3gac7logging4init
FNDA:0,_RNvXININtCsaE4EIrQ7MWA_3gac7loggings_0ppENtB5_12CliFormatterINtNtNtCs4j4NquontT8_18tracing_subscriber3fmt6format11FormatEventppE12format_eventB7_
FNF:4
FNH:0
DA:23,0
DA:24,0
DA:25,0
DA:26,0
DA:27,0
DA:28,0
DA:30,0
DA:56,0
DA:57,0
DA:58,0
DA:59,0
DA:60,0
DA:61,0
DA:64,0
DA:67,0
DA:68,0
DA:69,0
DA:70,0
DA:71,0
DA:72,0
DA:75,0
DA:78,0
DA:79,0
DA:81,0
DA:82,0
DA:83,0
DA:86,0
DA:88,0
DA:89,0
DA:98,0
DA:100,0
DA:101,0
DA:102,0
DA:104,0
DA:105,0
DA:106,0
DA:107,0
DA:108,0
DA:110,0
DA:111,0
DA:112,0
BRF:0
BRH:0
LF:42
LH:0
end_of_record
SF:C:\Projects\gac\src\main.rs
FN:177,_RNCNCNvCsaE4EIrQ7MWA_3gac4main00B5_
FN:260,_RNCNCNvCsaE4EIrQ7MWA_3gac4main0s4_0B5_
FN:250,_RNCNCNvCsaE4EIrQ7MWA_3gac4main0s_0B5_
FN:121,_RNCNvCsaE4EIrQ7MWA_3gac15approval_dialog0B3_
FN:123,_RNCNvCsaE4EIrQ7MWA_3gac15approval_dialogs0_0B3_
FN:122,_RNCNvCsaE4EIrQ7MWA_3gac15approval_dialogs_0B3_
FN:151,_RNCNvCsaE4EIrQ7MWA_3gac4main0B3_
FN:73,_RNvCsaE4EIrQ7MWA_3gac11init_config
FN:87,_RNvCsaE4EIrQ7MWA_3gac15approval_dialog
FN:151,_RNvCsaE4EIrQ7MWA_3gac4main
FNDA:0,_RNCNCNvCsaE4EIrQ7MWA_3gac4main00B5_
FNDA:0,_RNCNCNvCsaE4EIrQ7MWA_3gac4main0s4_0B5_
FNDA:0,_RNCNCNvCsaE4EIrQ7MWA_3gac4main0s_0B5_
FNDA:0,_RNCNvCsaE4EIrQ7MWA_3gac15approval_dialog0B3_
FNDA:0,_RNCNvCsaE4EIrQ7MWA_3gac15approval_dialogs0_0B3_
FNDA:0,_RNCNvCsaE4EIrQ7MWA_3gac15approval_dialogs_0B3_
FNDA:0,_RNCNvCsaE4EIrQ7MWA_3gac4main0B3_
FNDA:0,_RNvCsaE4EIrQ7MWA_3gac11init_config
FNDA:0,_RNvCsaE4EIrQ7MWA_3gac15approval_dialog
FNDA:0,_RNvCsaE4EIrQ7MWA_3gac4main
FNF:10
FNH:0
DA:73,0
DA:74,0
DA:76,0
DA:77,0
DA:78,0
DA:80,0
DA:82,0
DA:84,0
DA:85,0
DA:87,0
DA:90,0
DA:94,0
DA:96,0
DA:98,0
DA:99,0
DA:101,0
DA:104,0
DA:105,0
DA:106,0
DA:107,0
DA:108,0
DA:109,0
DA:110,0
DA:111,0
DA:112,0
DA:113,0
DA:115,0
DA:116,0
DA:120,0
DA:121,0
DA:122,0
DA:123,0
DA:124,0
DA:125,0
DA:126,0
DA:127,0
DA:129,0
DA:130,0
DA:131,0
DA:132,0
DA:133,0
DA:134,0
DA:136,0
DA:140,0
DA:141,0
DA:146,0
DA:148,0
DA:151,0
DA:152,0
DA:155,0
DA:156,0
DA:157,0
DA:158,0
DA:159,0
DA:162,0
DA:164,0
DA:165,0
DA:166,0
DA:168,0
DA:171,0
DA:172,0
DA:173,0
DA:177,0
DA:179,0
DA:180,0
DA:181,0
DA:182,0
DA:191,0
DA:193,0
DA:195,0
DA:196,0
DA:197,0
DA:199,0
DA:200,0
DA:201,0
DA:203,0
DA:204,0
DA:206,0
DA:207,0
DA:208,0
DA:210,0
DA:215,0
DA:218,0
DA:221,0
DA:222,0
DA:224,0
DA:226,0
DA:227,0
DA:228,0
DA:231,0
DA:234,0
DA:236,0
DA:237,0
DA:238,0
DA:240,0
DA:241,0
DA:245,0
DA:248,0
DA:249,0
DA:250,0
DA:251,0
DA:252,0
DA:253,0
DA:254,0
DA:255,0
DA:257,0
DA:258,0
DA:259,0
DA:260,0
DA:261,0
DA:264,0
DA:265,0
DA:266,0
DA:267,0
DA:269,0
DA:270,0
DA:271,0
DA:277,0
DA:278,0
DA:280,0
DA:283,0
DA:284,0
DA:285,0
DA:286,0
DA:287,0
DA:288,0
DA:289,0
DA:291,0
DA:292,0
DA:293,0
DA:294,0
DA:297,0
DA:298,0
DA:299,0
DA:300,0
DA:301,0
DA:302,0
DA:303,0
DA:305,0
DA:308,0
DA:309,0
DA:311,0
DA:312,0
DA:314,0
DA:315,0
DA:316,0
DA:317,0
DA:319,0
DA:320,0
DA:321,0
DA:322,0
DA:323,0
DA:330,0
DA:331,0
DA:333,0
DA:334,0
DA:336,0
DA:337,0
DA:339,0
DA:340,0
DA:343,0
DA:348,0
DA:349,0
DA:351,0
DA:358,0
DA:359,0
DA:361,0
DA:365,0
DA:368,0
DA:369,0
DA:370,0
DA:371,0
DA:372,0
DA:374,0
DA:379,0
DA:380,0
DA:381,0
DA:382,0
DA:383,0
DA:385,0
DA:386,0
DA:390,0
DA:391,0
DA:392,0
DA:393,0
DA:395,0
DA:397,0
DA:403,0
DA:405,0
DA:406,0
DA:408,0
DA:410,0
DA:411,0
DA:413,0
DA:414,0
DA:416,0
DA:418,0
DA:420,0
DA:425,0
DA:426,0
DA:427,0
DA:428,0
DA:429,0
DA:431,0
DA:432,0
DA:434,0
DA:435,0
DA:439,0
DA:440,0
DA:445,0
DA:446,0
DA:447,0
DA:448,0
DA:449,0
DA:450,0
DA:451,0
DA:452,0
DA:453,0
BRF:0
BRH:0
LF:230
LH:0
end_of_record
SF:C:\Projects\gac\src\prompt.rs
FN:141,_RNvNtNtCsaE4EIrQ7MWA_3gac6prompt5testss_28commit_user_contains_context
FN:114,_RNvNtNtCsaE4EIrQ7MWA_3gac6prompt5testss_30commit_system_single_candidate
FN:121,_RNvNtNtCsaE4EIrQ7MWA_3gac6prompt5testss_33commit_system_multiple_candidates
FN:169,_RNvNtNtCsaE4EIrQ7MWA_3gac6prompt5testss_35summary_user_contains_path_and_diff
FN:130,_RNvNtNtCsaE4EIrQ7MWA_3gac6prompt5testss_36commit_system_contains_allowed_types
FN:150,_RNvNtNtCsaE4EIrQ7MWA_3gac6prompt5testss_39build_commit_prompt_has_system_and_user
FN:160,_RNvNtNtCsaE4EIrQ7MWA_3gac6prompt5testss_39summary_system_returns_non_empty_static
FN:179,_RNvNtNtCsaE4EIrQ7MWA_3gac6prompt5testss_45build_file_summary_prompt_has_system_and_user
FN:189,_RNvNtNtCsaE4EIrQ7MWA_3gac6prompt5testss_46build_retry_prompt_includes_error_and_original
FN:103,_RNvNtNtCsaE4EIrQ7MWA_3gac6prompt5testss_53commit_system_no_candidates_includes_empty_scope_rule
FN:47,_RNvNtCsaE4EIrQ7MWA_3gac6prompt11commit_user
FN:64,_RNvNtCsaE4EIrQ7MWA_3gac6prompt12summary_user
FN:29,_RNvNtCsaE4EIrQ7MWA_3gac6prompt13commit_system
FN:60,_RNvNtCsaE4EIrQ7MWA_3gac6prompt14summary_system
FN:78,_RNvNtCsaE4EIrQ7MWA_3gac6prompt18build_retry_prompt
FN:51,_RNvNtCsaE4EIrQ7MWA_3gac6prompt19build_commit_prompt
FN:68,_RNvNtCsaE4EIrQ7MWA_3gac6prompt25build_file_summary_prompt
FNDA:1,_RNvNtNtCsaE4EIrQ7MWA_3gac6prompt5testss_28commit_user_contains_context
FNDA:1,_RNvNtNtCsaE4EIrQ7MWA_3gac6prompt5testss_30commit_system_single_candidate
FNDA:1,_RNvNtNtCsaE4EIrQ7MWA_3gac6prompt5testss_33commit_system_multiple_candidates
FNDA:1,_RNvNtNtCsaE4EIrQ7MWA_3gac6prompt5testss_35summary_user_contains_path_and_diff
FNDA:1,_RNvNtNtCsaE4EIrQ7MWA_3gac6prompt5testss_36commit_system_contains_allowed_types
FNDA:1,_RNvNtNtCsaE4EIrQ7MWA_3gac6prompt5testss_39build_commit_prompt_has_system_and_user
FNDA:1,_RNvNtNtCsaE4EIrQ7MWA_3gac6prompt5testss_39summary_system_returns_non_empty_static
FNDA:1,_RNvNtNtCsaE4EIrQ7MWA_3gac6prompt5testss_45build_file_summary_prompt_has_system_and_user
FNDA:1,_RNvNtNtCsaE4EIrQ7MWA_3gac6prompt5testss_46build_retry_prompt_includes_error_and_original
FNDA:1,_RNvNtNtCsaE4EIrQ7MWA_3gac6prompt5testss_53commit_system_no_candidates_includes_empty_scope_rule
FNDA:2,_RNvNtCsaE4EIrQ7MWA_3gac6prompt11commit_user
FNDA:2,_RNvNtCsaE4EIrQ7MWA_3gac6prompt12summary_user
FNDA:6,_RNvNtCsaE4EIrQ7MWA_3gac6prompt13commit_system
FNDA:2,_RNvNtCsaE4EIrQ7MWA_3gac6prompt14summary_system
FNDA:1,_RNvNtCsaE4EIrQ7MWA_3gac6prompt18build_retry_prompt
FNDA:1,_RNvNtCsaE4EIrQ7MWA_3gac6prompt19build_commit_prompt
FNDA:1,_RNvNtCsaE4EIrQ7MWA_3gac6prompt25build_file_summary_prompt
FNF:17
FNH:17
DA:29,6
DA:30,6
DA:31,6
DA:32,3
DA:33,3
DA:34,3
DA:35,1
DA:36,1
DA:37,1
DA:40,6
DA:41,6
DA:42,6
DA:43,6
DA:44,6
DA:45,6
DA:47,2
DA:48,2
DA:49,2
DA:51,1
DA:52,1
DA:53,1
DA:54,1
DA:55,1
DA:56,1
DA:60,2
DA:61,2
DA:62,2
DA:64,2
DA:65,2
DA:66,2
DA:68,1
DA:69,1
DA:70,1
DA:71,1
DA:72,1
DA:73,1
DA:78,1
DA:79,1
DA:80,1
DA:81,1
DA:82,1
DA:83,1
DA:84,1
DA:85,1
DA:93,1
DA:94,1
DA:103,1
DA:104,1
DA:105,1
DA:107,1
DA:108,1
DA:111,1
DA:114,1
DA:115,1
DA:116,1
DA:117,1
DA:118,1
DA:121,1
DA:122,1
DA:123,1
DA:124,1
DA:125,1
DA:126,1
DA:127,1
DA:130,1
DA:131,1
DA:132,1
DA:133,1
DA:134,1
DA:135,1
DA:136,1
DA:141,1
DA:142,1
DA:143,1
DA:144,1
DA:145,1
DA:150,1
DA:151,1
DA:152,1
DA:153,1
DA:154,1
DA:155,1
DA:160,1
DA:161,1
DA:162,1
DA:163,1
DA:164,1
DA:169,1
DA:170,1
DA:171,1
DA:172,1
DA:173,1
DA:174,1
DA:179,1
DA:180,1
DA:181,1
DA:182,1
DA:183,1
DA:184,1
DA:189,1
DA:190,1
DA:191,1
DA:192,1
DA:193,1
DA:194,1
DA:196,1
DA:197,1
DA:198,1
DA:199,1
DA:200,1
BRF:0
BRH:0
LF:110
LH:110
end_of_record
SF:C:\Projects\gac\src\spinner.rs
FN:107,_RINvNtCsaE4EIrQ7MWA_3gac7spinner4failNtNtCsdkPGTeTFVes_5alloc6string6StringEB4_
FN:107,_RINvNtCsaE4EIrQ7MWA_3gac7spinner4failReEB4_
FN:79,_RNvNtCsaE4EIrQ7MWA_3gac7spinner12step_spinner
FN:37,_RNvNtCsaE4EIrQ7MWA_3gac7spinner18generation_spinner
FN:115,_RNvNtCsaE4EIrQ7MWA_3gac7spinner5clear
FN:98,_RINvNtCsaE4EIrQ7MWA_3gac7spinner4donepEB4_
FN:58,_RNvNtCsaE4EIrQ7MWA_3gac7spinner13summarize_bar
FN:21,_RNvNtCsaE4EIrQ7MWA_3gac7spinner5multi
FNDA:0,_RINvNtCsaE4EIrQ7MWA_3gac7spinner4failNtNtCsdkPGTeTFVes_5alloc6string6StringEB4_
FNDA:0,_RINvNtCsaE4EIrQ7MWA_3gac7spinner4failReEB4_
FNDA:0,_RNvNtCsaE4EIrQ7MWA_3gac7spinner12step_spinner
FNDA:0,_RNvNtCsaE4EIrQ7MWA_3gac7spinner18generation_spinner
FNDA:0,_RNvNtCsaE4EIrQ7MWA_3gac7spinner5clear
FNDA:0,_RINvNtCsaE4EIrQ7MWA_3gac7spinner4donepEB4_
FNDA:0,_RNvNtCsaE4EIrQ7MWA_3gac7spinner13summarize_bar
FNDA:0,_RNvNtCsaE4EIrQ7MWA_3gac7spinner5multi
FNF:7
FNH:0
DA:21,0
DA:22,0
DA:23,0
DA:37,0
DA:38,0
DA:39,0
DA:40,0
DA:41,0
DA:42,0
DA:43,0
DA:45,0
DA:46,0
DA:47,0
DA:48,0
DA:58,0
DA:59,0
DA:60,0
DA:61,0
DA:62,0
DA:63,0
DA:64,0
DA:65,0
DA:67,0
DA:68,0
DA:69,0
DA:79,0
DA:80,0
DA:81,0
DA:82,0
DA:83,0
DA:84,0
DA:85,0
DA:87,0
DA:88,0
DA:89,0
DA:90,0
DA:98,0
DA:99,0
DA:100,0
DA:102,0
DA:103,0
DA:104,0
DA:107,0
DA:108,0
DA:109,0
DA:110,0
DA:111,0
DA:115,0
DA:116,0
DA:117,0
BRF:0
BRH:0
LF:50
LH:0
end_of_record
SF:C:\Projects\gac\src\stats.rs
FN:26,_RNvMNtCsaE4EIrQ7MWA_3gac5statsNtB2_15GenerationStats5print
FN:100,_RNvNtCsaE4EIrQ7MWA_3gac5stats8vram_bar
FNDA:0,_RNvMNtCsaE4EIrQ7MWA_3gac5statsNtB2_15GenerationStats5print
FNDA:0,_RNvNtCsaE4EIrQ7MWA_3gac5stats8vram_bar
FNF:2
FNH:0
DA:26,0
DA:29,0
DA:31,0
DA:35,0
DA:37,0
DA:38,0
DA:39,0
DA:40,0
DA:44,0
DA:46,0
DA:47,0
DA:51,0
DA:53,0
DA:54,0
DA:55,0
DA:56,0
DA:60,0
DA:61,0
DA:62,0
DA:63,0
DA:64,0
DA:65,0
DA:66,0
DA:67,0
DA:68,0
DA:69,0
DA:70,0
DA:71,0
DA:72,0
DA:73,0
DA:74,0
DA:75,0
DA:76,0
DA:77,0
DA:79,0
DA:80,0
DA:81,0
DA:82,0
DA:83,0
DA:84,0
DA:85,0
DA:88,0
DA:90,0
DA:92,0
DA:100,0
DA:103,0
DA:104,0
DA:105,0
DA:106,0
DA:107,0
DA:108,0
DA:109,0
DA:110,0
DA:113,0
DA:114,0
BRF:0
BRH:0
LF:55
LH:0
end_of_record
SF:C:\Projects\gac\src\validate.rs
FN:85,_RNvNtCsaE4EIrQ7MWA_3gac8validate22try_fix_commit_message
FN:21,_RNvNtCsaE4EIrQ7MWA_3gac8validate28validate_conventional_commit
FN:159,_RNvNtNtCsaE4EIrQ7MWA_3gac8validate5testss_17test_invalid_type
FN:193,_RNvNtNtCsaE4EIrQ7MWA_3gac8validate5testss_17test_try_fix_both
FN:175,_RNvNtNtCsaE4EIrQ7MWA_3gac8validate5testss_18test_empty_message
FN:170,_RNvNtNtCsaE4EIrQ7MWA_3gac8validate5testss_20test_trailing_period
FN:165,_RNvNtNtCsaE4EIrQ7MWA_3gac8validate5testss_22test_missing_separator
FN:181,_RNvNtNtCsaE4EIrQ7MWA_3gac8validate5testss_27test_try_fix_capitalization
FN:187,_RNvNtNtCsaE4EIrQ7MWA_3gac8validate5testss_28test_try_fix_trailing_period
FN:150,_RNvNtNtCsaE4EIrQ7MWA_3gac8validate5testss_30test_valid_conventional_commit
FN:4,_RNCNvNtCsaE4EIrQ7MWA_3gac8validate15CONVENTIONAL_RE0B5_
FN:11,_RNCNvNtCsaE4EIrQ7MWA_3gac8validate18TYPE_WITH_SCOPE_RE0B5_
FN:99,_RNCNvNtCsaE4EIrQ7MWA_3gac8validate22try_fix_commit_message0B5_
FNDA:3,_RNvNtCsaE4EIrQ7MWA_3gac8validate22try_fix_commit_message
FNDA:9,_RNvNtCsaE4EIrQ7MWA_3gac8validate28validate_conventional_commit
FNDA:1,_RNvNtNtCsaE4EIrQ7MWA_3gac8validate5testss_17test_invalid_type
FNDA:1,_RNvNtNtCsaE4EIrQ7MWA_3gac8validate5testss_17test_try_fix_both
FNDA:1,_RNvNtNtCsaE4EIrQ7MWA_3gac8validate5testss_18test_empty_message
FNDA:1,_RNvNtNtCsaE4EIrQ7MWA_3gac8validate5testss_20test_trailing_period
FNDA:1,_RNvNtNtCsaE4EIrQ7MWA_3gac8validate5testss_22test_missing_separator
FNDA:1,_RNvNtNtCsaE4EIrQ7MWA_3gac8validate5testss_27test_try_fix_capitalization
FNDA:1,_RNvNtNtCsaE4EIrQ7MWA_3gac8validate5testss_28test_try_fix_trailing_period
FNDA:1,_RNvNtNtCsaE4EIrQ7MWA_3gac8validate5testss_30test_valid_conventional_commit
FNDA:1,_RNCNvNtCsaE4EIrQ7MWA_3gac8validate15CONVENTIONAL_RE0B5_
FNDA:1,_RNCNvNtCsaE4EIrQ7MWA_3gac8validate18TYPE_WITH_SCOPE_RE0B5_
FNDA:17,_RNCNvNtCsaE4EIrQ7MWA_3gac8validate22try_fix_commit_message0B5_
FNF:13
FNH:13
DA:4,1
DA:5,1
DA:6,1
DA:8,1
DA:9,1
DA:11,1
DA:12,1
DA:13,1
DA:15,1
DA:16,1
DA:21,9
DA:22,9
DA:24,9
DA:25,2
DA:26,7
DA:29,7
DA:33,7
DA:35,3
DA:36,1
DA:37,1
DA:38,1
DA:39,2
DA:41,2
DA:42,2
DA:44,2
DA:45,2
DA:46,2
DA:47,2
DA:48,0
DA:51,0
DA:52,0
DA:53,0
DA:54,0
DA:55,0
DA:56,0
DA:58,0
DA:59,0
DA:60,0
DA:61,4
DA:64,4
DA:65,1
DA:66,3
DA:69,3
DA:70,3
DA:71,3
DA:72,0
DA:74,3
DA:75,0
DA:76,0
DA:78,3
DA:79,3
DA:80,9
DA:85,3
DA:86,3
DA:87,3
DA:90,3
DA:91,3
DA:92,3
DA:95,3
DA:96,3
DA:97,3
DA:98,3
DA:99,17
DA:100,3
DA:103,3
DA:104,3
DA:105,3
DA:106,3
DA:107,3
DA:109,3
DA:111,3
DA:112,3
DA:113,2
DA:115,2
DA:116,2
DA:118,1
DA:121,0
DA:125,3
DA:127,3
DA:130,3
DA:131,3
DA:132,0
DA:133,0
DA:134,3
DA:136,3
DA:137,3
DA:138,0
DA:139,0
DA:142,0
DA:143,3
DA:150,1
DA:151,1
DA:152,1
DA:153,1
DA:154,1
DA:156,1
DA:159,1
DA:160,1
DA:161,1
DA:162,1
DA:165,1
DA:166,1
DA:167,1
DA:170,1
DA:171,1
DA:172,1
DA:175,1
DA:176,1
DA:177,1
DA:178,1
DA:181,1
DA:182,1
DA:183,1
DA:184,1
DA:187,1
DA:188,1
DA:189,1
DA:190,1
DA:193,1
DA:194,1
DA:195,1
DA:196,1
BRF:0
BRH:0
LF:123
LH:104
end_of_record